Birth of the Empires - Stats Log file

overall combats: 100
----------------------------------------
race: 1 wins 91 combats
-> 91%
----------------------------------------
race: 2 wins 0 combats
-> 0%
----------------------------------------
race: 3 wins 0 combats
-> 0%
----------------------------------------
race: 4 wins 9 combats
-> 9%
----------------------------------------
race: 5 wins 0 combats
-> 0%
----------------------------------------
race: 6 wins 0 combats
-> 0%
